<?xml version="1.0" encoding="UTF-8"?>
<testng-results skipped="0" failed="1" total="2" passed="1">
  <reporter-output>
  </reporter-output>
  <suite name="Default suite" duration-ms="10599" started-at="2017-12-24T08:04:11Z" finished-at="2017-12-24T08:04:21Z">
    <groups>
    </groups>
    <test name="Default test" duration-ms="10599" started-at="2017-12-24T08:04:11Z" finished-at="2017-12-24T08:04:21Z">
      <class name="p1.Script">
        <test-method status="PASS" signature="openApp()[pri:0, instance:p1.Script@19a81e8]" name="openApp" is-config="true" duration-ms="5174" started-at="2017-12-24T13:34:11Z" finished-at="2017-12-24T13:34:16Z">
          <reporter-output>
          </reporter-output>
        </test-method> <!-- openApp -->
        <test-method status="PASS" signature="testA()[pri:0, instance:p1.Script@19a81e8]" name="testA" duration-ms="135" started-at="2017-12-24T13:34:16Z" finished-at="2017-12-24T13:34:16Z">
          <reporter-output>
          </reporter-output>
        </test-method> <!-- testA -->
        <test-method status="PASS" signature="cclosApp()[pri:0, instance:p1.Script@19a81e8]" name="cclosApp" is-config="true" duration-ms="655" started-at="2017-12-24T13:34:16Z" finished-at="2017-12-24T13:34:17Z">
          <reporter-output>
          </reporter-output>
        </test-method> <!-- cclosApp -->
        <test-method status="PASS" signature="openApp()[pri:0, instance:p1.Script@19a81e8]" name="openApp" is-config="true" duration-ms="3798" started-at="2017-12-24T13:34:17Z" finished-at="2017-12-24T13:34:21Z">
          <reporter-output>
          </reporter-output>
        </test-method> <!-- openApp -->
        <test-method status="FAIL" signature="testB()[pri:0, instance:p1.Script@19a81e8]" name="testB" duration-ms="150" started-at="2017-12-24T13:34:21Z" finished-at="2017-12-24T13:34:21Z">
          <exception class="java.lang.AssertionError">
            <message>
              <![CDATA[null]]>
            </message>
            <full-stacktrace>
              <![CDATA[java.lang.AssertionError: null
	at org.testng.Assert.fail(Assert.java:94)
	at org.testng.Assert.fail(Assert.java:101)
	at p1.Script.testB(Script.java:46)
	at sun.reflect.NativeMethodAccessorImpl.invoke0(Native Method)
	at sun.reflect.NativeMethodAccessorImpl.invoke(Unknown Source)
	at sun.reflect.DelegatingMethodAccessorImpl.invoke(Unknown Source)
	at java.lang.reflect.Method.invoke(Unknown Source)
	at org.testng.internal.MethodInvocationHelper.invokeMethod(MethodInvocationHelper.java:100)
	at org.testng.internal.Invoker.invokeMethod(Invoker.java:646)
	at org.testng.internal.Invoker.invokeTestMethod(Invoker.java:811)
	at org.testng.internal.Invoker.invokeTestMethods(Invoker.java:1129)
	at org.testng.internal.TestMethodWorker.invokeTestMethods(TestMethodWorker.java:129)
	at org.testng.internal.TestMethodWorker.run(TestMethodWorker.java:112)
	at org.testng.TestRunner.privateRun(TestRunner.java:746)
	at org.testng.TestRunner.run(TestRunner.java:600)
	at org.testng.SuiteRunner.runTest(SuiteRunner.java:366)
	at org.testng.SuiteRunner.runSequentially(SuiteRunner.java:361)
	at org.testng.SuiteRunner.privateRun(SuiteRunner.java:319)
	at org.testng.SuiteRunner.run(SuiteRunner.java:268)
	at org.testng.SuiteRunnerWorker.runSuite(SuiteRunnerWorker.java:52)
	at org.testng.SuiteRunnerWorker.run(SuiteRunnerWorker.java:86)
	at org.testng.TestNG.runSuitesSequentially(TestNG.java:1264)
	at org.testng.TestNG.runSuitesLocally(TestNG.java:1189)
	at org.testng.TestNG.runSuites(TestNG.java:1104)
	at org.testng.TestNG.run(TestNG.java:1076)
	at org.testng.remote.AbstractRemoteTestNG.run(AbstractRemoteTestNG.java:126)
	at org.testng.remote.RemoteTestNG.initAndRun(RemoteTestNG.java:152)
	at org.testng.remote.RemoteTestNG.main(RemoteTestNG.java:57)
]]>
            </full-stacktrace>
          </exception> <!-- java.lang.AssertionError -->
          <reporter-output>
          </reporter-output>
        </test-method> <!-- testB -->
        <test-method status="PASS" signature="cclosApp()[pri:0, instance:p1.Script@19a81e8]" name="cclosApp" is-config="true" duration-ms="643" started-at="2017-12-24T13:34:21Z" finished-at="2017-12-24T13:34:21Z">
          <reporter-output>
          </reporter-output>
        </test-method> <!-- cclosApp -->
      </class> <!-- p1.Script -->
    </test> <!-- Default test -->
  </suite> <!-- Default suite -->
</testng-results>
